[0m2021-05-30 23:50:10 V/Net 340865180: No BdhSession cache[0m
[0m2021-05-30 23:50:10 V/Net 340865180: No server list cached.[0m
[92m2021-05-30 23:50:10 I/Net 340865180: Connected to server 120.232.18.27:443[0m
[0m2021-05-30 23:50:10 V/Net 340865180: Send: wtlogin.login[0m
[0m2021-05-30 23:50:10 V/Net 340865180: Recv: UnsafeLogin(bot=Bot(340865180), url=https://ti.qq.com/safe/verify?_wv=2&_wwv=128&uin=340865180&sig=t2%2F7VIJq%2B6GaLLrT54%2BdKQdhlZ9A5Agvgsmqklkg5AX%2FFQYyvUYQMcRLqMm06PVVPBCwS2CnoyXYwtCSCHew1RBnvmZy1Jn%2Fm96OPduki1nmQhcdiDxuJIEKBEC50yZK)[0m
[0m2021-05-30 23:50:46 V/Net 340865180: Send: wtlogin.login[0m
[0m2021-05-30 23:50:46 V/Net 340865180: Recv: WtLogin.Login.LoginPacketResponse.DeviceLockLogin[0m
[0m2021-05-30 23:50:46 V/Net 340865180: Send: wtlogin.login[0m
[0m2021-05-30 23:50:46 V/Net 340865180: Recv: LoginPacketResponse.Success[0m
[92m2021-05-30 23:50:46 I/Net 340865180: Login successful[0m
[92m2021-05-30 23:50:46 I/Net 340865180: Saved account secrets to local cache for fast login.[0m
[0m2021-05-30 23:50:46 V/Net 340865180: Send: StatSvc.register[0m
[0m2021-05-30 23:50:46 V/Net 340865180: Recv: Response(StatSvc.register)[0m
[92m2021-05-30 23:50:46 I/Net 340865180: Awaiting ConfigPushSvc.PushReq.[0m
[92m2021-05-30 23:50:46 I/Net 340865180: Syncing friend message history...[0m
[92m2021-05-30 23:50:46 I/Net 340865180: Start loading stranger list...[0m
[92m2021-05-30 23:50:46 I/Net 340865180: Start loading friend list...[0m
[0m2021-05-30 23:50:46 V/Net 340865180: Send: MessageSvc.PbGetMsg[0m
[0m2021-05-30 23:50:46 V/Net 340865180: Send: MessageSvc.PbDeleteMsg[0m
[92m2021-05-30 23:50:46 I/Net 340865180: Syncing friend message history: Success.[0m
[0m2021-05-30 23:50:46 V/Net 340865180: Send: OidbSvc.0x496[0m
[0m2021-05-30 23:50:46 V/Net 340865180: Recv: TroopManagement.GetTroopConfig.Response(true)[0m
[92m2021-05-30 23:50:46 I/Net 340865180: Start loading group list...[0m
[0m2021-05-30 23:50:46 V/Net 340865180: Send: StatSvc.GetDevLoginInfo[0m
[0m2021-05-30 23:50:47 V/Net 340865180: Recv: StatSvc.GetDevLoginInfo.Response(deviceList.size=1)[0m
[0m2021-05-30 23:50:47 V/Net 340865180: Send: OidbSvc.0x5d2_0[0m
[0m2021-05-30 23:50:47 V/Net 340865180: Recv: StrangerList.GetStrangerList.Response(result=0)[0m
[92m2021-05-30 23:50:47 I/Net 340865180: Successfully loaded stranger list: 0 in total[0m
[0m2021-05-30 23:50:47 V/Net 340865180: Send: friendlist.getFriendGroupList[0m
[0m2021-05-30 23:50:47 V/Net 340865180: Recv: FriendList.GetFriendGroupList.Response[0m
[0m2021-05-30 23:50:47 V/Net 340865180: Loading friend list: 3/3[0m
[0m2021-05-30 23:50:47 V/Net 340865180: Send: friendlist.GetTroopListReqV2[0m
[92m2021-05-30 23:50:47 I/Net 340865180: Successfully loaded friend list: 3 in total[0m
[0m2021-05-30 23:50:47 V/Net 340865180: Recv: FriendList.GetFriendGroupList.Response[0m
[0m2021-05-30 23:50:47 V/Net 340865180: Send: friendlist.GetTroopMemberListReq[0m
[0m2021-05-30 23:50:47 V/Net 340865180: Recv: FriendList.GetTroopMemberList.Response[0m
[0m2021-05-30 23:50:47 V/Net 340865180: Send: friendlist.GetTroopMemberListReq[0m
[0m2021-05-30 23:50:47 V/Net 340865180: Recv: FriendList.GetTroopMemberList.Response[0m
[92m2021-05-30 23:50:47 I/Net 340865180: Successfully loaded group list: 2 in total.[0m
[0m2021-05-30 23:50:47 V/Net 340865180: Send: wtlogin.exchange_emp[0m
[0m2021-05-30 23:50:48 V/Net 340865180: Recv: LoginPacketResponse.Success[0m
[92m2021-05-30 23:50:48 I/Net 340865180: Saved account secrets to local cache for fast login.[0m
[0m2021-05-30 23:50:48 V/Net 340865180: Send: StatSvc.register[0m
[0m2021-05-30 23:50:48 V/Net 340865180: Recv: Response(StatSvc.register)[0m
[0m2021-05-30 23:50:48 V/Net 340865180: Send: [0m
[0m2021-05-30 23:50:48 V/Net 340865180: Send: MessageSvc.PbSendMsg[0m
[0m2021-05-30 23:50:48 V/Net 340865180: Recv: MessageSvcPbSendMsg.Response.SUCCESS[0m
[92m2021-05-30 23:50:48 I/Net 340865180: Scheduled refresh login session in 19d 23h 55min 0.0s.[0m
[92m2021-05-30 23:50:48 I/Net 340865180: Scheduled key refresh in 23h 55min 0.0s.[0m
[96m2021-05-30 23:50:49 D/Net 340865180: Received unknown commandName: ConfigPushSvc.PushDomain[0m
[0m2021-05-30 23:50:49 V/Net 340865180: Recv: ConfigPushSvc.PushReq.PushReqResponse.ServerListPush[0m
[0m2021-05-30 23:50:49 V/Net 340865180: Recv: ConfigPushSvc.PushReq.PushReqResponse.ConfigPush[0m
[92m2021-05-30 23:50:49 I/Net 340865180: Server list updated.[0m
[92m2021-05-30 23:50:49 I/Net 340865180: Server list: 180.102.110.73:443, 113.96.12.224:14000, 180.109.156.44:8080, 14.22.5.202:443, 42.81.172.22:80, 114.221.148.233:14000, 113.96.13.208:443, 42.81.192.226:8080, msfwifi.3g.qq.com:8080, 42.81.170.24:80.[0m
[0m2021-05-30 23:50:49 V/Net 340865180: No BdhSession to save to cache[0m
[0m2021-05-30 23:50:49 V/Net 340865180: Saving server list to cache[0m
[0m2021-05-30 23:50:49 V/Net 340865180: Send: ConfigPushSvc.PushResp[0m
[92m2021-05-30 23:50:49 I/Net 340865180: ConfigPushSvc.PushReq: Server updated.[0m
[0m2021-05-30 23:50:49 V/Net 340865180: Saving bdh session to cache[0m
[0m2021-05-30 23:50:49 V/Net 340865180: Send: ConfigPushSvc.PushResp[0m
[0m2021-05-30 23:50:55 V/Net 340865180: Send: wtlogin.exchange_emp[0m
[0m2021-05-30 23:50:56 V/Net 340865180: Recv: LoginPacketResponse.Success[0m
[92m2021-05-30 23:50:56 I/Net 340865180: Saved account secrets to local cache for fast login.[0m
[0m2021-05-30 23:50:56 V/Net 340865180: Send: StatSvc.register[0m
[0m2021-05-30 23:50:56 V/Net 340865180: Recv: Response(StatSvc.register)[0m
[0m2021-05-30 23:50:56 V/Net 340865180: Send: [0m
[0m2021-05-30 23:51:33 V/Net 340865180: Send: MessageSvc.PbSendMsg[0m
[0m2021-05-30 23:51:33 V/Net 340865180: Recv: MessageSvcPbSendMsg.Response.SUCCESS[0m
[0m2021-05-30 23:51:41 V/Net 340865180: Send: MessageSvc.PbSendMsg[0m
[0m2021-05-30 23:51:42 V/Net 340865180: Recv: MessageSvcPbSendMsg.Response.SUCCESS[0m
[0m2021-05-30 23:51:46 V/Net 340865180: Send: Heartbeat.Alive[0m
[0m2021-05-30 23:51:46 V/Net 340865180: Recv: Heartbeat.Alive.Response[0m
[0m2021-05-30 23:52:46 V/Net 340865180: Send: Heartbeat.Alive[0m
[0m2021-05-30 23:52:46 V/Net 340865180: Recv: Heartbeat.Alive.Response[0m
